<?xml version="1.0" encoding="UTF-8"?>
<testsuite xmlns:xsi="http://www.w3.org/2001/XMLSchema-instance" xsi:noNamespaceSchemaLocation="https://maven.apache.org/surefire/maven-surefire-plugin/xsd/surefire-test-report.xsd" name="TestSuite" time="122.74" tests="1" errors="0" skipped="0" failures="1">
  <properties>
[...]
</properties>
  <testcase name="LoginApplication" classname="Tests.LoginTest" time="72.55">
    <failure message="org.openqa.selenium.NoSuchSessionException: A session is either terminated or not started&#10;Build info: version: &apos;3.141.59&apos;, revision: &apos;e82be7d358&apos;, time: &apos;2018-11-14T08:17:03&apos;&#10;System info: host: &apos;LAPTOP-BOKLLJ5K&apos;, ip: &apos;192.168.0.109&apos;, os.name: &apos;Windows 10&apos;, os.arch: &apos;amd64&apos;, os.version: &apos;10.0&apos;, java.version: &apos;1.8.0_281&apos;&#10;Driver info: io.appium.java_client.AppiumDriver&#10;Capabilities {appActivity: com.truecaller.ui.Truecalle..., appPackage: com.truecaller, autoGrantPermissions: true, automationName: UiAutomator2, databaseEnabled: false, desired: {appActivity: com.truecaller.ui.Truecalle..., appPackage: com.truecaller, autoGrantPermissions: true, automationName: UiAutomator2, deviceName: ~Galaxy S10e, platformName: android, platformVersion: 8.1.0}, deviceApiLevel: 27, deviceManufacturer: samsung, deviceModel: SM-G610F, deviceName: 52035325508d1489, deviceScreenDensity: 480, deviceScreenSize: 1080x1920, deviceUDID: 52035325508d1489, javascriptEnabled: true, locationContextEnabled: false, networkConnectionEnabled: true, pixelRatio: 3, platform: LINUX, platformName: Android, platformVersion: 8.1.0, statBarHeight: 72, takesScreenshot: true, viewportRect: {height: 1848, left: 0, top: 72, width: 1080}, warnings: {}, webStorageEnabled: false}&#10;Session ID: 3b8ab320-b296-4b3a-8978-c840a32f156c&#10;*** Element info: {Using=id, value=manualInputButton}" type="org.openqa.selenium.WebDriverException">org.openqa.selenium.WebDriverException: 
org.openqa.selenium.NoSuchSessionException: A session is either terminated or not started
Build info: version: '3.141.59', revision: 'e82be7d358', time: '2018-11-14T08:17:03'
System info: host: 'LAPTOP-BOKLLJ5K', ip: '192.168.0.109', os.name: 'Windows 10', os.arch: 'amd64', os.version: '10.0', java.version: '1.8.0_281'
Driver info: io.appium.java_client.AppiumDriver
Capabilities {appActivity: com.truecaller.ui.Truecalle..., appPackage: com.truecaller, autoGrantPermissions: true, automationName: UiAutomator2, databaseEnabled: false, desired: {appActivity: com.truecaller.ui.Truecalle..., appPackage: com.truecaller, autoGrantPermissions: true, automationName: UiAutomator2, deviceName: ~Galaxy S10e, platformName: android, platformVersion: 8.1.0}, deviceApiLevel: 27, deviceManufacturer: samsung, deviceModel: SM-G610F, deviceName: 52035325508d1489, deviceScreenDensity: 480, deviceScreenSize: 1080x1920, deviceUDID: 52035325508d1489, javascriptEnabled: true, locationContextEnabled: false, networkConnectionEnabled: true, pixelRatio: 3, platform: LINUX, platformName: Android, platformVersion: 8.1.0, statBarHeight: 72, takesScreenshot: true, viewportRect: {height: 1848, left: 0, top: 72, width: 1080}, warnings: {}, webStorageEnabled: false}
Session ID: 3b8ab320-b296-4b3a-8978-c840a32f156c
*** Element info: {Using=id, value=manualInputButton}
	at Tests.LoginTest.LoginApplication(LoginTest.java:32)
Caused by: org.openqa.selenium.NoSuchSessionException: 
A session is either terminated or not started
Build info: version: '3.141.59', revision: 'e82be7d358', time: '2018-11-14T08:17:03'
System info: host: 'LAPTOP-BOKLLJ5K', ip: '192.168.0.109', os.name: 'Windows 10', os.arch: 'amd64', os.version: '10.0', java.version: '1.8.0_281'
Driver info: io.appium.java_client.AppiumDriver
Capabilities {appActivity: com.truecaller.ui.Truecalle..., appPackage: com.truecaller, autoGrantPermissions: true, automationName: UiAutomator2, databaseEnabled: false, desired: {appActivity: com.truecaller.ui.Truecalle..., appPackage: com.truecaller, autoGrantPermissions: true, automationName: UiAutomator2, deviceName: ~Galaxy S10e, platformName: android, platformVersion: 8.1.0}, deviceApiLevel: 27, deviceManufacturer: samsung, deviceModel: SM-G610F, deviceName: 52035325508d1489, deviceScreenDensity: 480, deviceScreenSize: 1080x1920, deviceUDID: 52035325508d1489, javascriptEnabled: true, locationContextEnabled: false, networkConnectionEnabled: true, pixelRatio: 3, platform: LINUX, platformName: Android, platformVersion: 8.1.0, statBarHeight: 72, takesScreenshot: true, viewportRect: {height: 1848, left: 0, top: 72, width: 1080}, warnings: {}, webStorageEnabled: false}
Session ID: 3b8ab320-b296-4b3a-8978-c840a32f156c
*** Element info: {Using=id, value=manualInputButton}
	at Tests.LoginTest.LoginApplication(LoginTest.java:32)
</failure>
    <system-out><![CDATA[element is not getting visible
]]></system-out>
    <system-err><![CDATA[Apr 04, 2021 12:23:55 AM io.appium.java_client.remote.AppiumCommandExecutor$1 lambda$0
INFO: Detected dialect: W3C
org.openqa.selenium.WebDriverException: org.openqa.selenium.WebDriverException: An unknown server-side error occurred while processing the command. Original error: The process has received SIGINT signal
Build info: version: '3.141.59', revision: 'e82be7d358', time: '2018-11-14T08:17:03'
System info: host: 'LAPTOP-BOKLLJ5K', ip: '192.168.0.109', os.name: 'Windows 10', os.arch: 'amd64', os.version: '10.0', java.version: '1.8.0_281'
Driver info: io.appium.java_client.AppiumDriver
Capabilities {appActivity: com.truecaller.ui.Truecalle..., appPackage: com.truecaller, autoGrantPermissions: true, automationName: UiAutomator2, databaseEnabled: false, desired: {appActivity: com.truecaller.ui.Truecalle..., appPackage: com.truecaller, autoGrantPermissions: true, automationName: UiAutomator2, deviceName: ~Galaxy S10e, platformName: android, platformVersion: 8.1.0}, deviceApiLevel: 27, deviceManufacturer: samsung, deviceModel: SM-G610F, deviceName: 52035325508d1489, deviceScreenDensity: 480, deviceScreenSize: 1080x1920, deviceUDID: 52035325508d1489, javascriptEnabled: true, locationContextEnabled: false, networkConnectionEnabled: true, pixelRatio: 3, platform: LINUX, platformName: Android, platformVersion: 8.1.0, statBarHeight: 72, takesScreenshot: true, viewportRect: {height: 1848, left: 0, top: 72, width: 1080}, warnings: {}, webStorageEnabled: false}
Session ID: 3b8ab320-b296-4b3a-8978-c840a32f156c
*** Element info: {Using=id, value=manualInputButton}
	at io.appium.java_client.pagefactory.AppiumElementLocator$WaitingFunction.apply(AppiumElementLocator.java:192)
	at io.appium.java_client.pagefactory.AppiumElementLocator$WaitingFunction.apply(AppiumElementLocator.java:1)
	at org.openqa.selenium.support.ui.FluentWait.until(FluentWait.java:249)
	at io.appium.java_client.pagefactory.AppiumElementLocator.waitFor(AppiumElementLocator.java:99)
	at io.appium.java_client.pagefactory.AppiumElementLocator.findElement(AppiumElementLocator.java:119)
	at io.appium.java_client.pagefactory.interceptors.InterceptorOfASingleElement.intercept(InterceptorOfASingleElement.java:59)
	at io.appium.java_client.android.AndroidElement$$EnhancerByCGLIB$$b598166c.isDisplayed(<generated>)
	at org.openqa.selenium.support.ui.ExpectedConditions.elementIfVisible(ExpectedConditions.java:314)
	at org.openqa.selenium.support.ui.ExpectedConditions.access$000(ExpectedConditions.java:43)
	at org.openqa.selenium.support.ui.ExpectedConditions$10.apply(ExpectedConditions.java:300)
	at org.openqa.selenium.support.ui.ExpectedConditions$10.apply(ExpectedConditions.java:297)
	at org.openqa.selenium.support.ui.FluentWait.until(FluentWait.java:249)
	at utility.Helper.waitTillElementsGetVisible(Helper.java:16)
	at pages.LoginPage.clickTypeNameManualButton(LoginPage.java:92)
	at Tests.LoginTest.LoginApplication(LoginTest.java:32)
	at sun.reflect.NativeMethodAccessorImpl.invoke0(Native Method)
	at sun.reflect.NativeMethodAccessorImpl.invoke(NativeMethodAccessorImpl.java:62)
	at sun.reflect.DelegatingMethodAccessorImpl.invoke(DelegatingMethodAccessorImpl.java:43)
	at java.lang.reflect.Method.invoke(Method.java:498)
	at org.testng.internal.MethodInvocationHelper.invokeMethod(MethodInvocationHelper.java:133)
	at org.testng.internal.TestInvoker.invokeMethod(TestInvoker.java:598)
	at org.testng.internal.TestInvoker.invokeTestMethod(TestInvoker.java:173)
	at org.testng.internal.MethodRunner.runInSequence(MethodRunner.java:46)
	at org.testng.internal.TestInvoker$MethodInvocationAgent.invoke(TestInvoker.java:824)
	at org.testng.internal.TestInvoker.invokeTestMethods(TestInvoker.java:146)
	at org.testng.internal.TestMethodWorker.invokeTestMethods(TestMethodWorker.java:146)
	at org.testng.internal.TestMethodWorker.run(TestMethodWorker.java:128)
	at java.util.ArrayList.forEach(ArrayList.java:1259)
	at org.testng.TestRunner.privateRun(TestRunner.java:794)
	at org.testng.TestRunner.run(TestRunner.java:596)
	at org.testng.SuiteRunner.runTest(SuiteRunner.java:377)
	at org.testng.SuiteRunner.runSequentially(SuiteRunner.java:371)
	at org.testng.SuiteRunner.privateRun(SuiteRunner.java:332)
	at org.testng.SuiteRunner.run(SuiteRunner.java:276)
	at org.testng.SuiteRunnerWorker.runSuite(SuiteRunnerWorker.java:53)
	at org.testng.SuiteRunnerWorker.run(SuiteRunnerWorker.java:96)
	at org.testng.TestNG.runSuitesSequentially(TestNG.java:1212)
	at org.testng.TestNG.runSuitesLocally(TestNG.java:1134)
	at org.testng.TestNG.runSuites(TestNG.java:1063)
	at org.testng.TestNG.run(TestNG.java:1031)
	at org.apache.maven.surefire.testng.TestNGExecutor.run(TestNGExecutor.java:283)
	at org.apache.maven.surefire.testng.TestNGXmlTestSuite.execute(TestNGXmlTestSuite.java:75)
	at org.apache.maven.surefire.testng.TestNGProvider.invoke(TestNGProvider.java:120)
	at org.apache.maven.surefire.booter.ForkedBooter.invokeProviderInSameClassLoader(ForkedBooter.java:384)
	at org.apache.maven.surefire.booter.ForkedBooter.runSuitesInProcess(ForkedBooter.java:345)
	at org.apache.maven.surefire.booter.ForkedBooter.execute(ForkedBooter.java:126)
	at org.apache.maven.surefire.booter.ForkedBooter.main(ForkedBooter.java:418)
Caused by: org.openqa.selenium.WebDriverException: An unknown server-side error occurred while processing the command. Original error: The process has received SIGINT signal
Build info: version: '3.141.59', revision: 'e82be7d358', time: '2018-11-14T08:17:03'
System info: host: 'LAPTOP-BOKLLJ5K', ip: '192.168.0.109', os.name: 'Windows 10', os.arch: 'amd64', os.version: '10.0', java.version: '1.8.0_281'
Driver info: io.appium.java_client.AppiumDriver
Capabilities {appActivity: com.truecaller.ui.Truecalle..., appPackage: com.truecaller, autoGrantPermissions: true, automationName: UiAutomator2, databaseEnabled: false, desired: {appActivity: com.truecaller.ui.Truecalle..., appPackage: com.truecaller, autoGrantPermissions: true, automationName: UiAutomator2, deviceName: ~Galaxy S10e, platformName: android, platformVersion: 8.1.0}, deviceApiLevel: 27, deviceManufacturer: samsung, deviceModel: SM-G610F, deviceName: 52035325508d1489, deviceScreenDensity: 480, deviceScreenSize: 1080x1920, deviceUDID: 52035325508d1489, javascriptEnabled: true, locationContextEnabled: false, networkConnectionEnabled: true, pixelRatio: 3, platform: LINUX, platformName: Android, platformVersion: 8.1.0, statBarHeight: 72, takesScreenshot: true, viewportRect: {height: 1848, left: 0, top: 72, width: 1080}, warnings: {}, webStorageEnabled: false}
Session ID: 3b8ab320-b296-4b3a-8978-c840a32f156c
*** Element info: {Using=id, value=manualInputButton}
	at sun.reflect.NativeConstructorAccessorImpl.newInstance0(Native Method)
	at sun.reflect.NativeConstructorAccessorImpl.newInstance(NativeConstructorAccessorImpl.java:62)
	at sun.reflect.DelegatingConstructorAccessorImpl.newInstance(DelegatingConstructorAccessorImpl.java:45)
	at java.lang.reflect.Constructor.newInstance(Constructor.java:423)
	at org.openqa.selenium.remote.http.W3CHttpResponseCodec.createException(W3CHttpResponseCodec.java:187)
	at org.openqa.selenium.remote.http.W3CHttpResponseCodec.decode(W3CHttpResponseCodec.java:122)
	at org.openqa.selenium.remote.http.W3CHttpResponseCodec.decode(W3CHttpResponseCodec.java:49)
	at org.openqa.selenium.remote.HttpCommandExecutor.execute(HttpCommandExecutor.java:158)
	at io.appium.java_client.remote.AppiumCommandExecutor.execute(AppiumCommandExecutor.java:247)
	at org.openqa.selenium.remote.RemoteWebDriver.execute(RemoteWebDriver.java:552)
	at io.appium.java_client.DefaultGenericMobileDriver.execute(DefaultGenericMobileDriver.java:41)
	at io.appium.java_client.AppiumDriver.execute(AppiumDriver.java:1)
	at org.openqa.selenium.remote.RemoteWebDriver.findElement(RemoteWebDriver.java:323)
	at io.appium.java_client.DefaultGenericMobileDriver.findElement(DefaultGenericMobileDriver.java:61)
	at io.appium.java_client.AppiumDriver.findElement(AppiumDriver.java:1)
	at org.openqa.selenium.remote.RemoteWebDriver.findElementById(RemoteWebDriver.java:372)
	at io.appium.java_client.DefaultGenericMobileDriver.findElementById(DefaultGenericMobileDriver.java:69)
	at io.appium.java_client.AppiumDriver.findElementById(AppiumDriver.java:1)
	at org.openqa.selenium.By$ById.findElement(By.java:188)
	at org.openqa.selenium.remote.RemoteWebDriver.findElement(RemoteWebDriver.java:315)
	at io.appium.java_client.DefaultGenericMobileDriver.findElement(DefaultGenericMobileDriver.java:57)
	at io.appium.java_client.AppiumDriver.findElement(AppiumDriver.java:1)
	at io.appium.java_client.pagefactory.bys.builder.ByChained.lambda$0(ByChained.java:38)
	at org.openqa.selenium.support.ui.FluentWait.until(FluentWait.java:249)
	at io.appium.java_client.pagefactory.bys.builder.ByChained.findElement(ByChained.java:72)
	at org.openqa.selenium.remote.RemoteWebDriver.findElement(RemoteWebDriver.java:315)
	at io.appium.java_client.DefaultGenericMobileDriver.findElement(DefaultGenericMobileDriver.java:57)
	at io.appium.java_client.AppiumDriver.findElement(AppiumDriver.java:1)
	at io.appium.java_client.pagefactory.bys.ContentMappedBy.findElement(ContentMappedBy.java:50)
	at org.openqa.selenium.remote.RemoteWebDriver.findElement(RemoteWebDriver.java:315)
	at io.appium.java_client.DefaultGenericMobileDriver.findElement(DefaultGenericMobileDriver.java:57)
	at io.appium.java_client.AppiumDriver.findElement(AppiumDriver.java:1)
	at io.appium.java_client.pagefactory.AppiumElementLocator.lambda$0(AppiumElementLocator.java:120)
	at io.appium.java_client.pagefactory.AppiumElementLocator$WaitingFunction.apply(AppiumElementLocator.java:172)
	... 46 more
]]></system-err>
  </testcase>
</testsuite>